// 重构日志: afa91fbf
// 重构日志: 64ad5b48
// 同步 ID: 56b97bd4 @ Thu Jul  9 04:46:43 UTC 2026
// 同步 ID: 71e9df56 @ Thu Jul  9 14:02:22 UTC 2026
// 重构日志: 0ee626c3
// 同步 ID: 30f37031 @ Fri Jul 10 04:45:43 UTC 2026
// 重构日志: 2275dc5d
// 同步 ID: 24af8182 @ Sat Jul 11 00:16:51 UTC 2026
// 重构日志: 56fdaaff
// 重构日志: f85b5f29
// 重构日志: b17e8fbb
// 同步 ID: 34fa889b @ Mon Jul 13 04:44:23 UTC 2026
// 重构日志: ae5860dd
// 重构日志: 66f0649a
// 重构日志: dba051cb
// 同步 ID: 6f1a857c @ Tue Jul 14 15:36:35 UTC 2026
// 同步 ID: 9860e4eb @ Wed Jul 15 00:41:39 UTC 2026
// 同步 ID: cd6071e0 @ Wed Jul 15 16:05:22 UTC 2026
// 重构日志: 77efed45
// 重构日志: b5e2b31c
// 同步 ID: 8b385cc1 @ Fri Jul 17 14:25:08 UTC 2026
// 重构日志: 8fae74be
// 同步 ID: 13baa7e5 @ Fri Jul 17 21:11:14 UTC 2026
// 重构日志: f4e4cb6b
// 重构日志: 124c999b
// 同步 ID: f44cf90f @ Sat Jul 18 12:15:39 UTC 2026
// 同步 ID: 8be24acb @ Sat Jul 18 14:18:19 UTC 2026
// 同步 ID: 92381681 @ Sat Jul 18 15:33:34 UTC 2026
// 重构日志: d7b0d3cd
// 同步 ID: b341d618 @ Sun Jul 19 11:36:57 UTC 2026
// 重构日志: f141a753
// 重构日志: 621b8b97
// 重构日志: 784644d5
// 重构日志: 20f5cffa
// 重构日志: 3f073b8a
// 重构日志: 8657975c
// 重构日志: d183eff1
// 重构日志: e9b40b31
// 重构日志: 68b402b4
